0 info it worked if it ends with ok
1 verbose cli [ '/Users/dryzhkov/.nvm/versions/node/v6.10.3/bin/node',
1 verbose cli   '/Users/dryzhkov/.nvm/versions/node/v6.10.3/bin/npm',
1 verbose cli   'run',
1 verbose cli   'deploy' ]
2 info using npm@3.10.10
3 info using node@v6.10.3
4 verbose run-script [ 'predeploy', 'deploy', 'postdeploy' ]
5 info lifecycle n-puzzle@1.0.0~predeploy: n-puzzle@1.0.0
6 verbose lifecycle n-puzzle@1.0.0~predeploy: unsafe-perm in lifecycle true
7 verbose lifecycle n-puzzle@1.0.0~predeploy: PATH: /Users/dryzhkov/.nvm/versions/node/v6.10.3/lib/node_modules/npm/bin/node-gyp-bin:/Users/dryzhkov/Dev/n-puzzle/node_modules/.bin:/opt/local/bin:/opt/local/sbin:/Users/dryzhkov/.nvm/versions/node/v6.10.3/bin:/usr/local/bin:/usr/bin:/bin:/usr/sbin:/sbin
8 verbose lifecycle n-puzzle@1.0.0~predeploy: CWD: /Users/dryzhkov/Dev/n-puzzle
9 silly lifecycle n-puzzle@1.0.0~predeploy: Args: [ '-c', 'npm run build' ]
10 silly lifecycle n-puzzle@1.0.0~predeploy: Returned: code: 0  signal: null
11 info lifecycle n-puzzle@1.0.0~deploy: n-puzzle@1.0.0
12 verbose lifecycle n-puzzle@1.0.0~deploy: unsafe-perm in lifecycle true
13 verbose lifecycle n-puzzle@1.0.0~deploy: PATH: /Users/dryzhkov/.nvm/versions/node/v6.10.3/lib/node_modules/npm/bin/node-gyp-bin:/Users/dryzhkov/Dev/n-puzzle/node_modules/.bin:/opt/local/bin:/opt/local/sbin:/Users/dryzhkov/.nvm/versions/node/v6.10.3/bin:/usr/local/bin:/usr/bin:/bin:/usr/sbin:/sbin
14 verbose lifecycle n-puzzle@1.0.0~deploy: CWD: /Users/dryzhkov/Dev/n-puzzle
15 silly lifecycle n-puzzle@1.0.0~deploy: Args: [ '-c', 'gh-pages -d build' ]
16 silly lifecycle n-puzzle@1.0.0~deploy: Returned: code: 1  signal: null
17 info lifecycle n-puzzle@1.0.0~deploy: Failed to exec deploy script
18 verbose stack Error: n-puzzle@1.0.0 deploy: `gh-pages -d build`
18 verbose stack Exit status 1
18 verbose stack     at EventEmitter.<anonymous> (/Users/dryzhkov/.nvm/versions/node/v6.10.3/lib/node_modules/npm/lib/utils/lifecycle.js:255:16)
18 verbose stack     at emitTwo (events.js:106:13)
18 verbose stack     at EventEmitter.emit (events.js:191:7)
18 verbose stack     at ChildProcess.<anonymous> (/Users/dryzhkov/.nvm/versions/node/v6.10.3/lib/node_modules/npm/lib/utils/spawn.js:40:14)
18 verbose stack     at emitTwo (events.js:106:13)
18 verbose stack     at ChildProcess.emit (events.js:191:7)
18 verbose stack     at maybeClose (internal/child_process.js:886:16)
18 verbose stack     at Process.ChildProcess._handle.onexit (internal/child_process.js:226:5)
19 verbose pkgid n-puzzle@1.0.0
20 verbose cwd /Users/dryzhkov/Dev/n-puzzle/dist
21 error Darwin 16.7.0
22 error argv "/Users/dryzhkov/.nvm/versions/node/v6.10.3/bin/node" "/Users/dryzhkov/.nvm/versions/node/v6.10.3/bin/npm" "run" "deploy"
23 error node v6.10.3
24 error npm  v3.10.10
25 error code ELIFECYCLE
26 error n-puzzle@1.0.0 deploy: `gh-pages -d build`
26 error Exit status 1
27 error Failed at the n-puzzle@1.0.0 deploy script 'gh-pages -d build'.
27 error Make sure you have the latest version of node.js and npm installed.
27 error If you do, this is most likely a problem with the n-puzzle package,
27 error not with npm itself.
27 error Tell the author that this fails on your system:
27 error     gh-pages -d build
27 error You can get information on how to open an issue for this project with:
27 error     npm bugs n-puzzle
27 error Or if that isn't available, you can get their info via:
27 error     npm owner ls n-puzzle
27 error There is likely additional logging output above.
28 verbose exit [ 1, true ]
